# JRE version: OpenJDK Runtime Environment (17.0.11) (build 17.0.11+0--11852314)
# Java VM: OpenJDK 64-Bit Server VM (17.0.11+0--11852314, mixed mode, tiered, compressed oops, compressed class ptrs, g1 gc, windows-amd64)
GC Precious Log:
 CPUs: 8 total, 8 available
 Memory: 8078M
 Large Page Support: Disabled
 NUMA Support: Disabled
 Compressed Oops: Enabled (Zero based)
 Heap Region Size: 4M
 Heap Min Capacity: 8M
 Heap Initial Capacity: 128M
 Heap Max Capacity: 8G
 Pre-touch: Disabled
 Parallel Workers: 8
 Concurrent Workers: 2
 Concurrent Refinement Workers: 8
 Periodic GC: Disabled
Heap:
 garbage-first heap   total 1568768K, used 524304K [0x0000000600000000, 0x0000000800000000)
  region size 4096K, 1 young (4096K), 1 survivors (4096K)
 Metaspace       used 178356K, committed 179648K, reserved 1245184K
  class space    used 23612K, committed 24192K, reserved 1048576K
GC Heap History (20 events):
Event: 140.085 GC heap after
{Heap after GC invocations=109 (full 0):
 garbage-first heap   total 1306624K, used 448408K [0x0000000600000000, 0x0000000800000000)
  region size 4096K, 12 young (49152K), 12 survivors (49152K)
 Metaspace       used 177304K, committed 178496K, reserved 1245184K
  class space    used 23475K, committed 24000K, reserved 1048576K
}
Event: 140.838 GC heap before
{Heap before GC invocations=109 (full 0):
 garbage-first heap   total 1306624K, used 1120152K [0x0000000600000000, 0x0000000800000000)
  region size 4096K, 176 young (720896K), 12 survivors (49152K)
 Metaspace       used 177306K, committed 178496K, reserved 1245184K
  class space    used 23475K, committed 24000K, reserved 1048576K
}
Event: 140.864 GC heap after
{Heap after GC invocations=110 (full 0):
 garbage-first heap   total 1306624K, used 455396K [0x0000000600000000, 0x0000000800000000)
  region size 4096K, 13 young (53248K), 13 survivors (53248K)
 Metaspace       used 177306K, committed 178496K, reserved 1245184K
  class space    used 23475K, committed 24000K, reserved 1048576K
}
Event: 143.988 GC heap before
{Heap before GC invocations=110 (full 0):
 garbage-first heap   total 1306624K, used 1118948K [0x0000000600000000, 0x0000000800000000)
  region size 4096K, 175 young (716800K), 13 survivors (53248K)
 Metaspace       used 177306K, committed 178496K, reserved 1245184K
  class space    used 23475K, committed 24000K, reserved 1048576K
}
Event: 144.014 GC heap after
{Heap after GC invocations=111 (full 0):
 garbage-first heap   total 1568768K, used 456068K [0x0000000600000000, 0x0000000800000000)
  region size 4096K, 12 young (49152K), 12 survivors (49152K)
 Metaspace       used 177306K, committed 178496K, reserved 1245184K
  class space    used 23475K, committed 24000K, reserved 1048576K
}
Event: 173.904 GC heap before
{Heap before GC invocations=111 (full 0):
 garbage-first heap   total 1568768K, used 1344900K [0x0000000600000000, 0x0000000800000000)
  region size 4096K, 229 young (937984K), 12 survivors (49152K)
 Metaspace       used 177994K, committed 179264K, reserved 1245184K
  class space    used 23564K, committed 24128K, reserved 1048576K
}
Event: 173.937 GC heap after
{Heap after GC invocations=112 (full 0):
 garbage-first heap   total 1568768K, used 459065K [0x0000000600000000, 0x0000000800000000)
  region size 4096K, 12 young (49152K), 12 survivors (49152K)
 Metaspace       used 177994K, committed 179264K, reserved 1245184K
  class space    used 23564K, committed 24128K, reserved 1048576K
}
Event: 175.288 GC heap before
{Heap before GC invocations=112 (full 0):
 garbage-first heap   total 1568768K, used 1347897K [0x0000000600000000, 0x0000000800000000)
  region size 4096K, 229 young (937984K), 12 survivors (49152K)
 Metaspace       used 178014K, committed 179264K, reserved 1245184K
  class space    used 23564K, committed 24128K, reserved 1048576K
}
Event: 175.325 GC heap after
{Heap after GC invocations=113 (full 0):
 garbage-first heap   total 1568768K, used 478536K [0x0000000600000000, 0x0000000800000000)
  region size 4096K, 17 young (69632K), 17 survivors (69632K)
 Metaspace       used 178014K, committed 179264K, reserved 1245184K
  class space    used 23564K, committed 24128K, reserved 1048576K
}
Event: 176.460 GC heap before
{Heap before GC invocations=113 (full 0):
 garbage-first heap   total 1568768K, used 1330504K [0x0000000600000000, 0x0000000800000000)
  region size 4096K, 226 young (925696K), 17 survivors (69632K)
 Metaspace       used 178018K, committed 179264K, reserved 1245184K
  class space    used 23565K, committed 24128K, reserved 1048576K
}
Event: 176.578 GC heap after
{Heap after GC invocations=114 (full 0):
 garbage-first heap   total 1568768K, used 491547K [0x0000000600000000, 0x0000000800000000)
  region size 4096K, 16 young (65536K), 16 survivors (65536K)
 Metaspace       used 178018K, committed 179264K, reserved 1245184K
  class space    used 23565K, committed 24128K, reserved 1048576K
}
Event: 178.406 GC heap before
{Heap before GC invocations=114 (full 0):
 garbage-first heap   total 1568768K, used 1335323K [0x0000000600000000, 0x0000000800000000)
  region size 4096K, 223 young (913408K), 16 survivors (65536K)
 Metaspace       used 178331K, committed 179648K, reserved 1245184K
  class space    used 23612K, committed 24192K, reserved 1048576K
}
Event: 178.436 GC heap after
{Heap after GC invocations=115 (full 0):
 garbage-first heap   total 1568768K, used 492829K [0x0000000600000000, 0x0000000800000000)
  region size 4096K, 16 young (65536K), 16 survivors (65536K)
 Metaspace       used 178331K, committed 179648K, reserved 1245184K
  class space    used 23612K, committed 24192K, reserved 1048576K
}
Event: 179.913 GC heap before
{Heap before GC invocations=115 (full 0):
 garbage-first heap   total 1568768K, used 1336605K [0x0000000600000000, 0x0000000800000000)
  region size 4096K, 224 young (917504K), 16 survivors (65536K)
 Metaspace       used 178351K, committed 179648K, reserved 1245184K
  class space    used 23612K, committed 24192K, reserved 1048576K
}
Event: 179.995 GC heap after
{Heap after GC invocations=116 (full 0):
 garbage-first heap   total 1568768K, used 516735K [0x0000000600000000, 0x0000000800000000)
  region size 4096K, 19 young (77824K), 19 survivors (77824K)
 Metaspace       used 178351K, committed 179648K, reserved 1245184K
  class space    used 23612K, committed 24192K, reserved 1048576K
}
Event: 182.449 GC heap before
{Heap before GC invocations=116 (full 0):
 garbage-first heap   total 1568768K, used 1323647K [0x0000000600000000, 0x0000000800000000)
  region size 4096K, 217 young (888832K), 19 survivors (77824K)
 Metaspace       used 178352K, committed 179648K, reserved 1245184K
  class space    used 23612K, committed 24192K, reserved 1048576K
}
Event: 187.031 GC heap after
{Heap after GC invocations=117 (full 0):
 garbage-first heap   total 1568768K, used 523907K [0x0000000600000000, 0x0000000800000000)
  region size 4096K, 17 young (69632K), 17 survivors (69632K)
 Metaspace       used 178352K, committed 179648K, reserved 1245184K
  class space    used 23612K, committed 24192K, reserved 1048576K
}
Event: 187.043 GC heap before
{Heap before GC invocations=117 (full 0):
 garbage-first heap   total 1568768K, used 532099K [0x0000000600000000, 0x0000000800000000)
  region size 4096K, 19 young (77824K), 17 survivors (69632K)
 Metaspace       used 178352K, committed 179648K, reserved 1245184K
  class space    used 23612K, committed 24192K, reserved 1048576K
}
Event: 187.460 GC heap after
{Heap after GC invocations=118 (full 0):
 garbage-first heap   total 1568768K, used 532094K [0x0000000600000000, 0x0000000800000000)
  region size 4096K, 3 young (12288K), 3 survivors (12288K)
 Metaspace       used 178352K, committed 179648K, reserved 1245184K
  class space    used 23612K, committed 24192K, reserved 1048576K
}
Event: 187.539 GC heap before
{Heap before GC invocations=118 (full 0):
 garbage-first heap   total 1568768K, used 597630K [0x0000000600000000, 0x0000000800000000)
  region size 4096K, 19 young (77824K), 3 survivors (12288K)
 Metaspace       used 178356K, committed 179648K, reserved 1245184K
  class space    used 23612K, committed 24192K, reserved 1048576K
}

