# JRE version: OpenJDK Runtime Environment (17.0.11) (build 17.0.11+0--11852314)
# Java VM: OpenJDK 64-Bit Server VM (17.0.11+0--11852314, mixed mode, tiered, compressed oops, compressed class ptrs, g1 gc, windows-amd64)
GC Precious Log:
 CPUs: 8 total, 8 available
 Memory: 8078M
 Large Page Support: Disabled
 NUMA Support: Disabled
 Compressed Oops: Enabled (Zero based)
 Heap Region Size: 4M
 Heap Min Capacity: 8M
 Heap Initial Capacity: 128M
 Heap Max Capacity: 8G
 Pre-touch: Disabled
 Parallel Workers: 8
 Concurrent Workers: 2
 Concurrent Refinement Workers: 8
 Periodic GC: Disabled
Heap:
 garbage-first heap   total 1609728K, used 584143K [0x0000000600000000, 0x0000000800000000)
  region size 4096K, 2 young (8192K), 2 survivors (8192K)
 Metaspace       used 206498K, committed 207872K, reserved 1245184K
  class space    used 26159K, committed 26816K, reserved 1048576K
GC Heap History (20 events):
Event: 251.886 GC heap after
{Heap after GC invocations=152 (full 0):
 garbage-first heap   total 1609728K, used 477380K [0x0000000600000000, 0x0000000800000000)
  region size 4096K, 5 young (20480K), 5 survivors (20480K)
 Metaspace       used 187197K, committed 188224K, reserved 1245184K
  class space    used 23666K, committed 24128K, reserved 1048576K
}
Event: 256.179 GC heap before
{Heap before GC invocations=152 (full 0):
 garbage-first heap   total 1609728K, used 1415364K [0x0000000600000000, 0x0000000800000000)
  region size 4096K, 233 young (954368K), 5 survivors (20480K)
 Metaspace       used 187202K, committed 188224K, reserved 1245184K
  class space    used 23666K, committed 24128K, reserved 1048576K
}
Event: 256.245 GC heap after
{Heap after GC invocations=153 (full 0):
 garbage-first heap   total 1609728K, used 476228K [0x0000000600000000, 0x0000000800000000)
  region size 4096K, 5 young (20480K), 5 survivors (20480K)
 Metaspace       used 187202K, committed 188224K, reserved 1245184K
  class space    used 23666K, committed 24128K, reserved 1048576K
}
Event: 258.645 GC heap before
{Heap before GC invocations=153 (full 0):
 garbage-first heap   total 1609728K, used 1414212K [0x0000000600000000, 0x0000000800000000)
  region size 4096K, 234 young (958464K), 5 survivors (20480K)
 Metaspace       used 187221K, committed 188224K, reserved 1245184K
  class space    used 23666K, committed 24128K, reserved 1048576K
}
Event: 258.662 GC heap after
{Heap after GC invocations=154 (full 0):
 garbage-first heap   total 1609728K, used 474874K [0x0000000600000000, 0x0000000800000000)
  region size 4096K, 5 young (20480K), 5 survivors (20480K)
 Metaspace       used 187221K, committed 188224K, reserved 1245184K
  class space    used 23666K, committed 24128K, reserved 1048576K
}
Event: 261.216 GC heap before
{Heap before GC invocations=154 (full 0):
 garbage-first heap   total 1609728K, used 1425146K [0x0000000600000000, 0x0000000800000000)
  region size 4096K, 235 young (962560K), 5 survivors (20480K)
 Metaspace       used 187231K, committed 188224K, reserved 1245184K
  class space    used 23666K, committed 24128K, reserved 1048576K
}
Event: 261.246 GC heap after
{Heap after GC invocations=155 (full 0):
 garbage-first heap   total 1609728K, used 474468K [0x0000000600000000, 0x0000000800000000)
  region size 4096K, 5 young (20480K), 5 survivors (20480K)
 Metaspace       used 187231K, committed 188224K, reserved 1245184K
  class space    used 23666K, committed 24128K, reserved 1048576K
}
Event: 267.221 GC heap before
{Heap before GC invocations=155 (full 0):
 garbage-first heap   total 1609728K, used 1445220K [0x0000000600000000, 0x0000000800000000)
  region size 4096K, 235 young (962560K), 5 survivors (20480K)
 Metaspace       used 190071K, committed 191232K, reserved 1245184K
  class space    used 23936K, committed 24512K, reserved 1048576K
}
Event: 267.433 GC heap after
{Heap after GC invocations=156 (full 0):
 garbage-first heap   total 1609728K, used 514641K [0x0000000600000000, 0x0000000800000000)
  region size 4096K, 13 young (53248K), 13 survivors (53248K)
 Metaspace       used 190071K, committed 191232K, reserved 1245184K
  class space    used 23936K, committed 24512K, reserved 1048576K
}
Event: 285.897 GC heap before
{Heap before GC invocations=156 (full 0):
 garbage-first heap   total 1609728K, used 1382993K [0x0000000600000000, 0x0000000800000000)
  region size 4096K, 226 young (925696K), 13 survivors (53248K)
 Metaspace       used 206492K, committed 207872K, reserved 1245184K
  class space    used 26159K, committed 26816K, reserved 1048576K
}
Event: 285.969 GC heap after
{Heap after GC invocations=157 (full 0):
 garbage-first heap   total 1609728K, used 533386K [0x0000000600000000, 0x0000000800000000)
  region size 4096K, 18 young (73728K), 18 survivors (73728K)
 Metaspace       used 206492K, committed 207872K, reserved 1245184K
  class space    used 26159K, committed 26816K, reserved 1048576K
}
Event: 287.749 GC heap before
{Heap before GC invocations=157 (full 0):
 garbage-first heap   total 1609728K, used 1368970K [0x0000000600000000, 0x0000000800000000)
  region size 4096K, 221 young (905216K), 18 survivors (73728K)
 Metaspace       used 206492K, committed 207872K, reserved 1245184K
  class space    used 26159K, committed 26816K, reserved 1048576K
}
Event: 287.817 GC heap after
{Heap after GC invocations=158 (full 0):
 garbage-first heap   total 1609728K, used 553772K [0x0000000600000000, 0x0000000800000000)
  region size 4096K, 19 young (77824K), 19 survivors (77824K)
 Metaspace       used 206492K, committed 207872K, reserved 1245184K
  class space    used 26159K, committed 26816K, reserved 1048576K
}
Event: 289.145 GC heap before
{Heap before GC invocations=158 (full 0):
 garbage-first heap   total 1609728K, used 1356588K [0x0000000600000000, 0x0000000800000000)
  region size 4096K, 216 young (884736K), 19 survivors (77824K)
 Metaspace       used 206498K, committed 207872K, reserved 1245184K
  class space    used 26159K, committed 26816K, reserved 1048576K
}
Event: 289.255 GC heap after
{Heap after GC invocations=159 (full 0):
 garbage-first heap   total 1609728K, used 576384K [0x0000000600000000, 0x0000000800000000)
  region size 4096K, 20 young (81920K), 20 survivors (81920K)
 Metaspace       used 206498K, committed 207872K, reserved 1245184K
  class space    used 26159K, committed 26816K, reserved 1048576K
}
Event: 290.272 GC heap before
{Heap before GC invocations=159 (full 0):
 garbage-first heap   total 1609728K, used 1350528K [0x0000000600000000, 0x0000000800000000)
  region size 4096K, 210 young (860160K), 20 survivors (81920K)
 Metaspace       used 206498K, committed 207872K, reserved 1245184K
  class space    used 26159K, committed 26816K, reserved 1048576K
}
Event: 292.660 GC heap after
{Heap after GC invocations=160 (full 0):
 garbage-first heap   total 1609728K, used 588118K [0x0000000600000000, 0x0000000800000000)
  region size 4096K, 15 young (61440K), 15 survivors (61440K)
 Metaspace       used 206498K, committed 207872K, reserved 1245184K
  class space    used 26159K, committed 26816K, reserved 1048576K
}
Event: 292.675 GC heap before
{Heap before GC invocations=160 (full 0):
 garbage-first heap   total 1609728K, used 604502K [0x0000000600000000, 0x0000000800000000)
  region size 4096K, 19 young (77824K), 15 survivors (61440K)
 Metaspace       used 206498K, committed 207872K, reserved 1245184K
  class space    used 26159K, committed 26816K, reserved 1048576K
}
Event: 292.896 GC heap after
{Heap after GC invocations=161 (full 0):
 garbage-first heap   total 1609728K, used 588239K [0x0000000600000000, 0x0000000800000000)
  region size 4096K, 3 young (12288K), 3 survivors (12288K)
 Metaspace       used 206498K, committed 207872K, reserved 1245184K
  class space    used 26159K, committed 26816K, reserved 1048576K
}
Event: 293.080 GC heap before
{Heap before GC invocations=161 (full 0):
 garbage-first heap   total 1609728K, used 760271K [0x0000000600000000, 0x0000000800000000)
  region size 4096K, 45 young (184320K), 3 survivors (12288K)
 Metaspace       used 206498K, committed 207872K, reserved 1245184K
  class space    used 26159K, committed 26816K, reserved 1048576K
}

